2020-12-01 14:54:03,920 INFO s.p.UseParser [main] Parsing Query:use student
2020-12-01 14:54:03,924 INFO s.p.UseParser [main] Converting SQL query to internal query form
2020-12-01 14:54:03,928 INFO s.p.UseProcessor [main] Selecting database 'null'
2020-12-01 14:55:42,219 INFO s.p.UseParser [main] Parsing Query:use test
2020-12-01 14:55:42,221 INFO s.p.UseParser [main] Converting SQL query to internal query form
2020-12-01 14:55:42,224 INFO s.p.UseProcessor [main] Selecting database 'null'
2020-12-01 14:57:04,717 INFO s.p.UseParser [main] Parsing Query:use test
2020-12-01 14:57:04,720 INFO s.p.UseParser [main] Converting SQL query to internal query form
2020-12-01 14:57:04,723 INFO s.p.UseProcessor [main] Selecting database 'null'
2020-12-01 14:59:56,781 INFO s.p.UseParser [main] Parsing Query:use test
2020-12-01 14:59:56,786 INFO s.p.UseParser [main] Converting SQL query to internal query form
2020-12-01 14:59:56,789 INFO s.p.UseProcessor [main] Selecting database 'null'
2020-12-01 15:23:22,608 INFO s.p.UseParser [main] Parsing Query:use demo
2020-12-01 15:23:22,609 INFO s.p.UseParser [main] Converting SQL query to internal query form
2020-12-01 15:23:22,611 INFO s.p.UseProcessor [main] Selecting database 'null'
2020-12-01 15:39:38,489 INFO s.p.UseParser [main] Parsing Query:use demo
2020-12-01 15:39:38,490 INFO s.p.UseParser [main] Converting SQL query to internal query form
2020-12-01 15:39:38,491 INFO s.p.UseProcessor [main] Selecting database 'null'
2020-12-01 16:12:02,002 INFO s.p.UseParser [main] Parsing Query:use test
2020-12-01 16:12:02,004 INFO s.p.UseParser [main] Converting SQL query to internal query form
2020-12-01 16:12:02,007 INFO s.p.UseProcessor [main] Selecting database 'null'
2020-12-01 16:24:55,738 INFO s.p.UseParser [main] Parsing Query:use abc
2020-12-01 16:24:55,740 INFO s.p.UseParser [main] Converting SQL query to internal query form
2020-12-01 16:24:55,743 INFO s.p.UseProcessor [main] Selecting database 'null'
2020-12-01 16:25:05,925 INFO s.p.UseParser [main] Parsing Query:use abcd
2020-12-01 16:25:05,925 INFO s.p.UseParser [main] Converting SQL query to internal query form
2020-12-01 16:25:05,926 INFO s.p.UseProcessor [main] Changing database from 'abc' to 'abcd'
